<?xml version="1.0" encoding="UTF-8"?>
<testsuite name="TestSuite" time="409.752" tests="24" errors="0" skipped="0" failures="3">
  <properties>
[...]
</properties>
  <testcase name="account_001" classname="Test.Gurukula.AccountPageTest" time="17.75"/>
  <testcase name="account_003" classname="Test.Gurukula.AccountPageTest" time="16.528"/>
  <testcase name="account_004" classname="Test.Gurukula.AccountPageTest" time="16.33"/>
  <testcase name="account_006" classname="Test.Gurukula.AccountPageTest" time="16.098"/>
  <testcase name="account_008" classname="Test.Gurukula.AccountPageTest" time="16.211"/>
  <testcase name="account_007" classname="Test.Gurukula.AccountPageTest" time="16.218">
    <failure message="expected [true] but found [false]" type="java.lang.AssertionError">java.lang.AssertionError: expected [true] but found [false]
	at org.testng.Assert.fail(Assert.java:94)
	at org.testng.Assert.failNotEquals(Assert.java:494)
	at org.testng.Assert.assertTrue(Assert.java:42)
	at org.testng.Assert.assertTrue(Assert.java:52)
	at Test.Gurukula.AccountPageTest.account_007(AccountPageTest.java:185)
</failure>
    <system-out>user.dir: D:\Workspace\Gurukula
</system-out>
    <system-err>Starting ChromeDriver 2.21.371459 (36d3d07f660ff2bc1bf28a75d1cdabed0983e7c4) on port 33529
Only local connections are allowed.
</system-err>
  </testcase>
  <testcase name="account_005" classname="Test.Gurukula.AccountPageTest" time="16.21"/>
  <testcase name="account_002" classname="Test.Gurukula.AccountPageTest" time="16.824">
    <failure message="expected [true] but found [false]" type="java.lang.AssertionError">java.lang.AssertionError: expected [true] but found [false]
	at org.testng.Assert.fail(Assert.java:94)
	at org.testng.Assert.failNotEquals(Assert.java:494)
	at org.testng.Assert.assertTrue(Assert.java:42)
	at org.testng.Assert.assertTrue(Assert.java:52)
	at Test.Gurukula.AccountPageTest.account_002(AccountPageTest.java:66)
</failure>
    <system-out>user.dir: D:\Workspace\Gurukula
</system-out>
    <system-err>Starting ChromeDriver 2.21.371459 (36d3d07f660ff2bc1bf28a75d1cdabed0983e7c4) on port 31639
Only local connections are allowed.
</system-err>
  </testcase>
  <testcase name="login_001" classname="Test.Gurukula.LoginPageTest" time="15.838"/>
  <testcase name="login_002" classname="Test.Gurukula.LoginPageTest" time="15.789">
    <failure type="java.lang.AssertionError:">java.lang.AssertionError: null
	at org.junit.Assert.fail(Assert.java:92)
	at org.junit.Assert.assertTrue(Assert.java:43)
	at org.junit.Assert.assertTrue(Assert.java:54)
	at Test.Gurukula.LoginPageTest.login_002(LoginPageTest.java:62)
</failure>
    <system-out>user.dir: D:\Workspace\Gurukula
</system-out>
    <system-err>Starting ChromeDriver 2.21.371459 (36d3d07f660ff2bc1bf28a75d1cdabed0983e7c4) on port 43680
Only local connections are allowed.
</system-err>
  </testcase>
  <testcase name="login_003" classname="Test.Gurukula.LoginPageTest" time="15.393"/>
  <testcase name="login_004" classname="Test.Gurukula.LoginPageTest" time="15.749"/>
  <testcase name="login_005" classname="Test.Gurukula.LoginPageTest" time="15.978"/>
  <testcase name="login_006" classname="Test.Gurukula.LoginPageTest" time="15.597"/>
  <testcase name="login_007" classname="Test.Gurukula.LoginPageTest" time="15.648"/>
  <testcase name="login_008" classname="Test.Gurukula.LoginPageTest" time="16.304"/>
  <testcase name="home_001" classname="Test.Gurukula.HomePageTest" time="15.209"/>
  <testcase name="home_002" classname="Test.Gurukula.HomePageTest" time="15.096"/>
  <testcase name="staff_001" classname="Test.Gurukula.StaffPageTest" time="15.537"/>
  <testcase name="staff_002" classname="Test.Gurukula.StaffPageTest" time="26.96"/>
  <testcase name="staff_003" classname="Test.Gurukula.StaffPageTest" time="27.25"/>
  <testcase name="branch_001" classname="Test.Gurukula.BranchPageTest" time="16.057"/>
  <testcase name="branch_002" classname="Test.Gurukula.BranchPageTest" time="17.616"/>
  <testcase name="branch_003" classname="Test.Gurukula.BranchPageTest" time="17.562"/>
</testsuite>