<?xml version="1.0" encoding="UTF-8"?>
<!-- Generated by org.testng.reporters.JUnitXMLReporter -->
<testsuite hostname="VGUDIDEV-IN" name="Default test" tests="3" failures="0" timestamp="9 May 2016 18:45:09 GMT" time="77.573" errors="0">
  <testcase name="staff_001" time="15.349" classname="Test.Gurukula.StaffPageTest"/>
  <testcase name="staff_002" time="27.012" classname="Test.Gurukula.StaffPageTest"/>
  <testcase name="staff_003" time="27.437" classname="Test.Gurukula.StaffPageTest"/>
</testsuite> <!-- Default test -->
